C51 COMPILER V9.52.0.0   MAIN                                                              07/21/2023 22:02:32 PAGE 1   


C51 COMPILER V9.52.0.0, COMPILATION OF MODULE MAIN
OBJECT MODULE PLACED IN main.OBJ
COMPILER INVOKED BY: C:\Keil\C51\BIN\C51.EXE main.c BROWSE DEBUG OBJECTEXTEND TABS(2)

line level    source

   1          #include <regx52.h>
   2          #include "..\Lib\delay.h"
   3          
   4          #define LED_COL P2
   5          #define LED_ROW P0
   6          
   7          unsigned char code count0_9[] = {0xFF,0xff,0x00,0x7E,0x7E,0x00,0xff,0xFF};
   8          
   9          void main()
  10          {
  11   1        unsigned char a,i,j,dich;
  12   1        
  13   1        while(1)
  14   1        {
  15   2          for(a=0;a<8;a++)        // dich led
  16   2          {
  17   3            dich = 0x80>>a; 
  18   3            for(i=0;i<20;i++)   // su dung de delay 200ms
  19   3            {
  20   4              for(j=0;j<8;j++)    //  quet cot led matrix
  21   4              {
  22   5                LED_COL = count0_9[7-j];
  23   5                LED_ROW = dich;
  24   5                delay_ms(1);
  25   5                dich = dich >> 1;
  26   5                LED_ROW = 0x00;
  27   5              }
  28   4            }
  29   3          }
  30   2          
  31   2      //    for(a=0;a<15;a++)       // dich led
  32   2      //    {
  33   2      //      if(a<8)
  34   2      //      {
  35   2      //        dich = 0x80>>a; 
  36   2      //        for(i=0;i<20;i++)   // su dung de delay 200ms
  37   2      //        {
  38   2      //          for(j=0;j<8;j++)    //  quet cot led matrix
  39   2      //          {
  40   2      //            LED_COL = count0_9[7-j];
  41   2      //            LED_ROW = dich;
  42   2      //            delay_ms(1);
  43   2      //            dich = dich >> 1;
  44   2      //            LED_ROW = 0x00;
  45   2      //          }
  46   2      //        }
  47   2      //      }
  48   2      //      else 
  49   2      //      {
  50   2      //        dich = 0x80>>(a-7); 
  51   2      //        for(i=0;i<20;i++)   // su dung de delay 200ms
  52   2      //        {
  53   2      //          for(j=0;j<8;j++)    //  quet cot led matrix
  54   2      //          {
  55   2      //            LED_COL = count0_9[j];
C51 COMPILER V9.52.0.0   MAIN                                                              07/21/2023 22:02:32 PAGE 2   

  56   2      //            LED_ROW = dich;
  57   2      //            delay_ms(1);
  58   2      //            dich = dich >> 1;
  59   2      //            LED_ROW = 0x00;
  60   2      //          }
  61   2      //        } 
  62   2      //      }
  63   2      //    }
  64   2        }
  65   1      }


MODULE INFORMATION:   STATIC OVERLAYABLE
   CODE SIZE        =     96    ----
   CONSTANT SIZE    =      8    ----
   XDATA SIZE       =   ----    ----
   PDATA SIZE       =   ----    ----
   DATA SIZE        =   ----       4
   IDATA SIZE       =   ----    ----
   BIT SIZE         =   ----    ----
END OF MODULE INFORMATION.


C51 COMPILATION COMPLETE.  0 WARNING(S),  0 ERROR(S)
