C51 COMPILER V9.52.0.0   DELAY                                                             07/28/2023 21:06:00 PAGE 1   


C51 COMPILER V9.52.0.0, COMPILATION OF MODULE DELAY
OBJECT MODULE PLACED IN .\delay.obj
COMPILER INVOKED BY: C:\Keil\C51\BIN\C51.EXE ..\Lib\delay.c OMF2 BROWSE DEBUG PRINT(.\delay.lst) TABS(2) OBJECT(.\delay.
                    -obj)

line level    source

   1          #include "delay.h"
   2          
   3          void delay_ms(unsigned int t)
   4          {
   5   1        unsigned int i,j;
   6   1        for(i=0;i<t;i++)
   7   1        {
   8   2            for(j=0;j<200;j++);
   9   2        }
  10   1      }


MODULE INFORMATION:   STATIC OVERLAYABLE
   CODE SIZE        =     32    ----
   CONSTANT SIZE    =   ----    ----
   XDATA SIZE       =   ----    ----
   PDATA SIZE       =   ----    ----
   DATA SIZE        =   ----    ----
   IDATA SIZE       =   ----    ----
   BIT SIZE         =   ----    ----
   EDATA SIZE       =   ----    ----
   HDATA SIZE       =   ----    ----
   XDATA CONST SIZE =   ----    ----
   FAR CONST SIZE   =   ----    ----
END OF MODULE INFORMATION.


C51 COMPILATION COMPLETE.  0 WARNING(S),  0 ERROR(S)
