C51 COMPILER V9.52.0.0   MAIN                                                              07/28/2023 21:06:00 PAGE 1   


C51 COMPILER V9.52.0.0, COMPILATION OF MODULE MAIN
OBJECT MODULE PLACED IN main.OBJ
COMPILER INVOKED BY: C:\Keil\C51\BIN\C51.EXE main.c OMF2 BROWSE DEBUG TABS(2)

line level    source

   1          #include "main.h"
   2          #include <stdio.h>
   3          #include "..\Lib\uartmode1.h"
   4          #include "..\Lib\delay.h"
   5          
   6          //use putchar, _getkkey(), printf()
   7          
   8          void main()
   9          {
  10   1        char c;
  11   1        //khoi tao UART mode 1, baudrate 9600, 8bit data  
  12   1        Uart_Init();
  13   1        //putchar('a');     //gui ky tu ve Uart <=> Uart_Write('a')
  14   1        
  15   1        while(1)
  16   1        {
  17   2          // function: _getkey() <=> Uart_Ready,Uart_Read()
  18   2          // function: printf()  <=> Uart_Write_Text()
  19   2          //c = _getkey();        //doi 1 ky tu truyen toi UART, doc va tra ve ky tu nhan duoc
  20   2          printf("toi ba dao vai cut thiet chu, dung khong anhem?");
  21   2          printf("\n\r");
  22   2          delay_ms(500);
  23   2        }
  24   1      }
*** WARNING C280 IN LINE 10 OF main.c: 'c': unreferenced local variable


MODULE INFORMATION:   STATIC OVERLAYABLE
   CODE SIZE        =     30    ----
   CONSTANT SIZE    =     51    ----
   XDATA SIZE       =   ----    ----
   PDATA SIZE       =   ----    ----
   DATA SIZE        =   ----       1
   IDATA SIZE       =   ----    ----
   BIT SIZE         =   ----    ----
   EDATA SIZE       =   ----    ----
   HDATA SIZE       =   ----    ----
   XDATA CONST SIZE =   ----    ----
   FAR CONST SIZE   =   ----    ----
END OF MODULE INFORMATION.


C51 COMPILATION COMPLETE.  1 WARNING(S),  0 ERROR(S)
