C51 COMPILER V9.52.0.0   MAIN                                                              07/29/2023 15:39:31 PAGE 1   


C51 COMPILER V9.52.0.0, COMPILATION OF MODULE MAIN
OBJECT MODULE PLACED IN main.OBJ
COMPILER INVOKED BY: C:\Keil\C51\BIN\C51.EXE main.c OMF2 BROWSE DEBUG TABS(2)

line level    source

   1          #include "main.h"
   2          
   3          void main()
   4          {
   5   1        T2CON = 0x00;
   6   1        T2MOD = 0x02;
   7   1        
   8   1        //F_out=FREQ_OSC/(4*(65536-RCAP))
   9   1        //tao xung f_out = 5kHz -> RCAP = 64983 (0xFDD7) 
  10   1        // hoac co the tao xung voi chu ky 1/f roi ~previous_state
  11   1        RCAP2H = 0xFD;
  12   1        RCAP2L = 0xD7;
  13   1        
  14   1        TR2 = 1;
  15   1        
  16   1        while(1)
  17   1        {
  18   2          
  19   2        }
  20   1      }


MODULE INFORMATION:   STATIC OVERLAYABLE
   CODE SIZE        =     16    ----
   CONSTANT SIZE    =   ----    ----
   XDATA SIZE       =   ----    ----
   PDATA SIZE       =   ----    ----
   DATA SIZE        =   ----    ----
   IDATA SIZE       =   ----    ----
   BIT SIZE         =   ----    ----
   EDATA SIZE       =   ----    ----
   HDATA SIZE       =   ----    ----
   XDATA CONST SIZE =   ----    ----
   FAR CONST SIZE   =   ----    ----
END OF MODULE INFORMATION.


C51 COMPILATION COMPLETE.  0 WARNING(S),  0 ERROR(S)
