C51 COMPILER V9.52.0.0   MAIN                                                              07/19/2023 19:07:26 PAGE 1   


C51 COMPILER V9.52.0.0, COMPILATION OF MODULE MAIN
OBJECT MODULE PLACED IN main.OBJ
COMPILER INVOKED BY: C:\Keil\C51\BIN\C51.EXE main.c BROWSE DEBUG OBJECTEXTEND TABS(2)

line level    source

   1          #include <regx52.h>
   2          #include "..\Lib\delay.h"
   3          
   4          #define LED_COL P2
   5          #define LED_ROW P0
   6          
   7          //khai bao mang so 0-9 LED matrix
   8          unsigned char code count0_9[10][8] = {{0xFF,0xff,0x00,0x7E,0x7E,0x00,0xff,0xFF},
   9                                                {0xFF,0xFF,0xDE,0xBE,0x00,0xFE,0xFE,0xFF},   
  10                                                {0xFF,0xB1,0x76,0x76,0x76,0x8E,0xFF,0xFF},
  11                                                {0xFF,0xFF,0x6E,0x6E,0x6E,0x6E,0x81,0xFF},  
  12                                                {0xFF,0xF3,0xEB,0xDB,0xBB,0x00,0xFB,0xFF},
  13                                                {0xFF,0xFF,0x0E,0x6E,0x6E,0x71,0xFF,0xFF},
  14                                                {0xFF,0xFF,0x00,0x6E,0x6E,0x60,0xFF,0xFF},  
  15                                                {0xFF,0xFF,0x1F,0x7F,0x7F,0x00,0xFF,0xFF},
  16                                                {0xFF,0xFF,0x00,0x66,0x66,0x00,0xFF,0xFF},
  17                                                {0xFF,0xFF,0x0E,0x6E,0x6E,0x00,0xFF,0xFF}}; 
  18          void main()
  19          {
  20   1        
  21   1        while(1)
  22   1        {
  23   2          unsigned char j,count;
  24   2          unsigned char i;
  25   2          
  26   2          
  27   2          for(count=0; count<10 ;count++)
  28   2          {
  29   3            for(i=0;i<100;i++)
  30   3            {
  31   4              for(j=0;j<8;j++)
  32   4              {
  33   5                LED_COL = count0_9[count][j];
  34   5                LED_ROW = 0x80>>j;  
  35   5                delay_ms(1);
  36   5                LED_ROW = 0x00;
  37   5              }
  38   4            }
  39   3          }
  40   2        }
  41   1      }


MODULE INFORMATION:   STATIC OVERLAYABLE
   CODE SIZE        =     93    ----
   CONSTANT SIZE    =     80    ----
   XDATA SIZE       =   ----    ----
   PDATA SIZE       =   ----    ----
   DATA SIZE        =   ----       3
   IDATA SIZE       =   ----    ----
   BIT SIZE         =   ----    ----
END OF MODULE INFORMATION.


C51 COMPILATION COMPLETE.  0 WARNING(S),  0 ERROR(S)
