C51 COMPILER V9.52.0.0   MAIN                                                              07/28/2023 05:56:37 PAGE 1   


C51 COMPILER V9.52.0.0, COMPILATION OF MODULE MAIN
OBJECT MODULE PLACED IN main.OBJ
COMPILER INVOKED BY: C:\Keil\C51\BIN\C51.EXE main.c BROWSE DEBUG OBJECTEXTEND TABS(2)

line level    source

   1          #include <REGX52.H>
   2          #include "..\Lib\delay.h"
   3          
   4          #define LED_PORT P0
   5          
   6          
   7          void main()
   8          {
   9   1        while(1)
  10   1        {
  11   2          unsigned int i;
  12   2          LED_PORT = 0x01;
  13   2          for(i=0;i<8;i++)
  14   2          {
  15   3            delay_ms(300);
  16   3            LED_PORT = LED_PORT<<1;
  17   3          }
  18   2        }
  19   1      
  20   1      
  21   1      
  22   1      }


MODULE INFORMATION:   STATIC OVERLAYABLE
   CODE SIZE        =     40    ----
   CONSTANT SIZE    =   ----    ----
   XDATA SIZE       =   ----    ----
   PDATA SIZE       =   ----    ----
   DATA SIZE        =   ----       2
   IDATA SIZE       =   ----    ----
   BIT SIZE         =   ----    ----
END OF MODULE INFORMATION.


C51 COMPILATION COMPLETE.  0 WARNING(S),  0 ERROR(S)
