C51 COMPILER V9.52.0.0   MAIN                                                              07/18/2023 19:23:54 PAGE 1   


C51 COMPILER V9.52.0.0, COMPILATION OF MODULE MAIN
OBJECT MODULE PLACED IN main.OBJ
COMPILER INVOKED BY: C:\Keil\C51\BIN\C51.EXE main.c BROWSE DEBUG OBJECTEXTEND TABS(2)

line level    source

   1          #include <regx52.h>
   2          #include "..\Lib\delay.h"
   3          
   4          #define OUT_PORT P0
   5          
   6          //ma 7 doan
   7          unsigned char code Code7Seg[] = {0xC0, 0xF9, 0xA4, 0xB0, 0x99, 0x92, 0x82, 0xF8, 0x80, 0x90};
   8          
   9          
  10          void main()
  11          {
  12   1        while(1)
  13   1        {
  14   2          unsigned char i;
  15   2          for(i=0;i<10;i++)
  16   2          {
  17   3            OUT_PORT = Code7Seg[i];
  18   3            delay_ms(1000);
  19   3          }
  20   2        }
  21   1      }


MODULE INFORMATION:   STATIC OVERLAYABLE
   CODE SIZE        =     29    ----
   CONSTANT SIZE    =     10    ----
   XDATA SIZE       =   ----    ----
   PDATA SIZE       =   ----    ----
   DATA SIZE        =   ----       1
   IDATA SIZE       =   ----    ----
   BIT SIZE         =   ----    ----
END OF MODULE INFORMATION.


C51 COMPILATION COMPLETE.  0 WARNING(S),  0 ERROR(S)
