C51 COMPILER V9.52.0.0   MAIN                                                              07/18/2023 12:22:45 PAGE 1   


C51 COMPILER V9.52.0.0, COMPILATION OF MODULE MAIN
OBJECT MODULE PLACED IN main.OBJ
COMPILER INVOKED BY: C:\Keil\C51\BIN\C51.EXE main.c BROWSE DEBUG OBJECTEXTEND TABS(2)

line level    source

   1          #include <REGX52.H>
   2          
   3          sbit LED_PIN = P0^0;
   4          
   5          void delay_ms(unsigned char t)  //delay voi thoi gian t
   6          {
   7   1        unsigned int i,j;
   8   1        for(i=0;i<t;i++)
   9   1        { 
  10   2            for(j=0;j<120;j++);
  11   2        }
  12   1      }
  13          
  14          void main()
  15          {
  16   1        //LED_PIN = 0;
  17   1        while(1)
  18   1        {
  19   2          LED_PIN = !LED_PIN;
  20   2          delay_ms(500);
  21   2        }
  22   1      
  23   1      }


MODULE INFORMATION:   STATIC OVERLAYABLE
   CODE SIZE        =     44    ----
   CONSTANT SIZE    =   ----    ----
   XDATA SIZE       =   ----    ----
   PDATA SIZE       =   ----    ----
   DATA SIZE        =   ----    ----
   IDATA SIZE       =   ----    ----
   BIT SIZE         =   ----    ----
END OF MODULE INFORMATION.


C51 COMPILATION COMPLETE.  0 WARNING(S),  0 ERROR(S)
