C51 COMPILER V9.52.0.0   MAIN                                                              07/19/2023 15:36:57 PAGE 1   


C51 COMPILER V9.52.0.0, COMPILATION OF MODULE MAIN
OBJECT MODULE PLACED IN main.OBJ
COMPILER INVOKED BY: C:\Keil\C51\BIN\C51.EXE main.c BROWSE DEBUG OBJECTEXTEND TABS(2)

line level    source

   1          #include <regx52.h>
   2          #include "..\Lib\delay.h"
   3          
   4          // matrix so '0'
   5          unsigned char code matrix_0[] ={0xFF,0x81,0x7E,0x7E,0x7E,0x7E,0x81,0xFF}; 
   6          
   7          void main()
   8          {
   9   1        unsigned char i;
  10   1        while(1)
  11   1        {   
  12   2          for(i=0;i<8;i++)
  13   2          {
  14   3            P2 = matrix_0[i];
  15   3            P0 = 0x80>>i;
  16   3            delay_ms(1);
  17   3            P0 = 0x00;
  18   3          }
  19   2        }
  20   1      }


MODULE INFORMATION:   STATIC OVERLAYABLE
   CODE SIZE        =     47    ----
   CONSTANT SIZE    =      8    ----
   XDATA SIZE       =   ----    ----
   PDATA SIZE       =   ----    ----
   DATA SIZE        =   ----       1
   IDATA SIZE       =   ----    ----
   BIT SIZE         =   ----    ----
END OF MODULE INFORMATION.


C51 COMPILATION COMPLETE.  0 WARNING(S),  0 ERROR(S)
