C51 COMPILER V9.52.0.0   MAIN                                                              07/18/2023 20:53:14 PAGE 1   


C51 COMPILER V9.52.0.0, COMPILATION OF MODULE MAIN
OBJECT MODULE PLACED IN main.OBJ
COMPILER INVOKED BY: C:\Keil\C51\BIN\C51.EXE main.c BROWSE DEBUG OBJECTEXTEND TABS(2)

line level    source

   1          #include <regx52.h>
   2          
   3          sbit LED = P2^1;
   4          sbit BTN = P2^0;
   5          
   6          void main()
   7          {
   8   1        LED = 0;  //tat LED
   9   1        BTN = 0;  // su dung nut nhan muc cao
  10   1        while(1)
  11   1        {
  12   2          if (BTN == 1)
  13   2          {
  14   3            LED = 1;
  15   3          }
  16   2          else LED = 0; 
  17   2        }
  18   1      }


MODULE INFORMATION:   STATIC OVERLAYABLE
   CODE SIZE        =     15    ----
   CONSTANT SIZE    =   ----    ----
   XDATA SIZE       =   ----    ----
   PDATA SIZE       =   ----    ----
   DATA SIZE        =   ----    ----
   IDATA SIZE       =   ----    ----
   BIT SIZE         =   ----    ----
END OF MODULE INFORMATION.


C51 COMPILATION COMPLETE.  0 WARNING(S),  0 ERROR(S)
