C51 COMPILER V9.52.0.0   MAIN                                                              07/21/2023 14:58:04 PAGE 1   


C51 COMPILER V9.52.0.0, COMPILATION OF MODULE MAIN
OBJECT MODULE PLACED IN main.OBJ
COMPILER INVOKED BY: C:\Keil\C51\BIN\C51.EXE main.c BROWSE DEBUG OBJECTEXTEND TABS(2)

line level    source

   1          #include <regx52.h>
   2          #include "..\Lib\delay.h"
   3          
   4          #define LED_COT P2
   5          #define LED_ROW P0
   6          
   7          //khai bao ket noi ma tran phim use P1
   8          sbit COL_1 = P1^0;
   9          sbit COL_2 = P1^1;
  10          sbit COL_3 = P1^2;
  11          sbit COL_4 = P1^3;
  12          
  13          sbit ROW_1 = P1^4;
  14          sbit ROW_2 = P1^5;
  15          sbit ROW_3 = P1^6;
  16          sbit ROW_4 = P1^7;
  17          
  18          // ma hex cho LED ma tran
  19          unsigned char code Code_matrix[10][8] = {{0xFF,0xff,0x00,0x7E,0x7E,0x00,0xff,0xFF},
  20                                                   {0xFF,0xFF,0xDE,0xBE,0x00,0xFE,0xFE,0xFF},   
  21                                                   {0xFF,0xB1,0x76,0x76,0x76,0x8E,0xFF,0xFF},
  22                                                   {0xFF,0xFF,0x6E,0x6E,0x6E,0x6E,0x81,0xFF},  
  23                                                   {0xFF,0xF3,0xEB,0xDB,0xBB,0x00,0xFB,0xFF},
  24                                                   {0xFF,0xFF,0x0E,0x6E,0x6E,0x71,0xFF,0xFF},
  25                                                   {0xFF,0xFF,0x00,0x6E,0x6E,0x60,0xFF,0xFF},  
  26                                                   {0xFF,0xFF,0x1F,0x7F,0x7F,0x00,0xFF,0xFF},
  27                                                   {0xFF,0xFF,0x00,0x66,0x66,0x00,0xFF,0xFF},
  28                                                   {0xFF,0xFF,0x0E,0x6E,0x6E,0x00,0xFF,0xFF}};
  29                                                   
  30          unsigned char code Code_matrix_AD[6][8] = {{0xFF,0xC0,0xB7,0x77,0x77,0xB7,0xC0,0xFF},
  31                                                   {0xFF,0x00,0x66,0x66,0x66,0x99,0xFF,0xFF},
  32                                                   {0xFF,0xC3,0xBD,0x7E,0x7E,0x7E,0xBD,0xFF},
  33                                                   {0xFF,0x00,0x7E,0x7E,0x7E,0xBD,0xC3,0xFF},
  34                                                   {0xFF,0x7D,0xBB,0xC7,0x01,0xC7,0xBB,0x7D},
  35                                                   {0xEB,0xEB,0x80,0xEB,0x80,0xEB,0xEB,0xFF}};
  36                                                   
  37          unsigned char code Code7Seg[] = {0xC0, 0xF9, 0xA4, 0xB0, 0x99, 0x92, 0x82, 0xF8, 0x80, 0x90};
  38          //-----------------------------------------------------------------------------------------                             
             -        
  39          //CT con cho phim nhan
  40          unsigned char press_key()
  41          {
  42   1        unsigned char key = 0xff; 
  43   1        //cho Cot 1 = 0;
  44   1        COL_1 = 0;
  45   1        //Kiem tra cac hang lan luot
  46   1        if(ROW_1 == 0) key = 13;
  47   1        if(ROW_2 == 0) key = 12;
  48   1        if(ROW_3 == 0) key = 11;
  49   1        if(ROW_4 == 0) key = 10;
  50   1        COL_1 = 1;
  51   1        
  52   1        //cho Cot 2 = 0
  53   1        COL_2 = 0;
  54   1        //Kiem tra cac hang lan luot
C51 COMPILER V9.52.0.0   MAIN                                                              07/21/2023 14:58:04 PAGE 2   

  55   1        if(ROW_1 == 0) key = 15;
  56   1        if(ROW_2 == 0) key = 9;
  57   1        if(ROW_3 == 0) key = 6;
  58   1        if(ROW_4 == 0) key = 3;
  59   1        COL_2 = 1;
  60   1        
  61   1        //cho cot 3 = 0
  62   1        COL_3 = 0;
  63   1        //Kiem tra cac hang lan luot
  64   1        if(ROW_1 == 0) key = 0;
  65   1        if(ROW_2 == 0) key = 8;
  66   1        if(ROW_3 == 0) key = 5;
  67   1        if(ROW_4 == 0) key = 2;
  68   1        COL_3 = 1;
  69   1        
  70   1        COL_4 = 0;
  71   1        //Kiem tra cac hang lan luot
  72   1        if(ROW_1 == 0) key = 14;
  73   1        if(ROW_2 == 0) key = 7;
  74   1        if(ROW_3 == 0) key = 4;
  75   1        if(ROW_4 == 0) key = 1;
  76   1        COL_4 = 1;
  77   1        
  78   1        return key;
  79   1      }
  80          //-------------------------------------------------------------------------------------
  81          
  82          void main()
  83          {
  84   1        unsigned char key,tmp,j,i;
  85   1        tmp = 0;
  86   1        for(i=0;i<8;i++)
  87   1        {
  88   2          for(j=0;j<8;j++);
  89   2          LED_COT = 0x01<<i;
  90   2          LED_ROW = 0x80>>j;
  91   2          delay_ms(200);
  92   2          LED_ROW = 0;
  93   2        }
  94   1        
  95   1        while(1)
  96   1        {
  97   2          key = press_key();
  98   2          if(key!=0xff)   //neu co nhan
  99   2          {
 100   3              tmp = key;
 101   3          }
 102   2          //P0 = Code7Seg[tmp];
 103   2          if(tmp >= 10 )
 104   2          {
 105   3            for(j=0;j<8;j++)
 106   3            {
 107   4              LED_COT = Code_matrix_AD[tmp-10][j];
 108   4              LED_ROW = 0x80>>j;
 109   4              delay_ms(1);
 110   4              LED_ROW = 0;
 111   4            }
 112   3          }
 113   2          else 
 114   2          {
 115   3            for(j=0;j<8;j++)
 116   3            {
C51 COMPILER V9.52.0.0   MAIN                                                              07/21/2023 14:58:04 PAGE 3   

 117   4              LED_COT = Code_matrix[tmp][j];
 118   4              LED_ROW = 0x80>>j;
 119   4              delay_ms(1);
 120   4              LED_ROW = 0;
 121   4            }
 122   3          }
 123   2        }
 124   1      }


MODULE INFORMATION:   STATIC OVERLAYABLE
   CODE SIZE        =    317    ----
   CONSTANT SIZE    =    138    ----
   XDATA SIZE       =   ----    ----
   PDATA SIZE       =   ----    ----
   DATA SIZE        =   ----       3
   IDATA SIZE       =   ----    ----
   BIT SIZE         =   ----    ----
END OF MODULE INFORMATION.


C51 COMPILATION COMPLETE.  0 WARNING(S),  0 ERROR(S)
