C51 COMPILER V9.52.0.0   MAIN                                                              07/28/2023 19:19:07 PAGE 1   


C51 COMPILER V9.52.0.0, COMPILATION OF MODULE MAIN
OBJECT MODULE PLACED IN main.OBJ
COMPILER INVOKED BY: C:\Keil\C51\BIN\C51.EXE main.c BROWSE DEBUG OBJECTEXTEND TABS(2)

line level    source

   1          #include "main.h"
   2          #include "..\Lib\delay.h"
   3          #include "..\Lib\uart_mode1.h"
   4          
   5          
   6          void main()
   7          {
   8   1        char i;
   9   1        
  10   1        Uart_init();
  11   1        while(1)
  12   1        {
  13   2          Uart_Write_Text("Nhap vao ky tu in thuong bat ky: ");
  14   2          while(Uart_Data_Ready()==0);
  15   2          i = Uart_Read();
  16   2          i = i - 32;                 //doi sang in hoa
  17   2          Uart_Write_Text("->");
  18   2          Uart_Write(i);
  19   2          Uart_Write_Text("\r\n");
  20   2        }
  21   1      }


MODULE INFORMATION:   STATIC OVERLAYABLE
   CODE SIZE        =     54    ----
   CONSTANT SIZE    =     40    ----
   XDATA SIZE       =   ----    ----
   PDATA SIZE       =   ----    ----
   DATA SIZE        =   ----       1
   IDATA SIZE       =   ----    ----
   BIT SIZE         =   ----    ----
END OF MODULE INFORMATION.


C51 COMPILATION COMPLETE.  0 WARNING(S),  0 ERROR(S)
