C51 COMPILER V9.52.0.0   UART_MODE1                                                        07/28/2023 19:19:07 PAGE 1   


C51 COMPILER V9.52.0.0, COMPILATION OF MODULE UART_MODE1
OBJECT MODULE PLACED IN .\uart_mode1.obj
COMPILER INVOKED BY: C:\Keil\C51\BIN\C51.EXE ..\Lib\uart_mode1.c BROWSE DEBUG OBJECTEXTEND PRINT(.\uart_mode1.lst) TABS(
                    -2) OBJECT(.\uart_mode1.obj)

line level    source

   1          #include "main.h"
   2          #include "..\Lib\uart_mode1.h"
   3          
   4          //xu ly loi dung thach anh khac tan so
   5          #if (FREQ_OSC != 11059200)
                #error "Thu vien UART_MODE1 chi ho tro tan so hoat dong 11059200"
              #endif
   8          
   9          void Uart_init()
  10          {
  11   1        //Khoi tao UART o mode 1, baud rate 9600
  12   1        
  13   1        SM0 = 0; SM1 = 1;           //chon UART mode 1
  14   1        // chon TMOD cho mode 1 nhung van giu cac trang thai truoc do cua thanh ghi
  15   1        TMOD = (TMOD&0x0F) | 0x20;  //0010 xxxx - Timer1 hoat dong o che do 8bit tu dong nap lai
  16   1        
  17   1        #if (BAUD_RATE == 1200)
                TH1 = 0xE8;                 //toc do baud 1200
                #elif (BAUD_RATE == 2400)
                TH1 = 0xF4;                 //toc do baud 2400
                #elif (BAUD_RATE == 9600)
  22   1        TH1 = 0xFD;                 //toc do baud 9600
  23   1        #elif (BAUD_RATE == 19200)
                TH1 = 0xFD;                 //toc do baud 19600
                PCON |= 0x80;               //use SMOD 1
                #else
                  #error "Toc do baud chi co the la 1200, 2400, 9600, 19200"
                #endif
  29   1        
  30   1        TR1 = 1;                    //Timer 1 bat dau chay
  31   1        TI = 1;                     //San sang gui du lieu
  32   1        REN = 1;                    //Cho phep nhan du lieu
  33   1      }
  34          
  35          void Uart_Write(char c)
  36          {
  37   1        while(TI == 0);
  38   1        TI = 0;
  39   1        SBUF = c;
  40   1      }
  41          
  42          void Uart_Write_Text(char *str)
  43          {
  44   1        unsigned char i;
  45   1        while(str[i]!=0)        //ky tu cuoi la NULL
  46   1        {
  47   2          Uart_Write(str[i]);
  48   2          i++;
  49   2        }
  50   1      }
  51          
  52          char Uart_Data_Ready()
  53          {
  54   1        return RI;
C51 COMPILER V9.52.0.0   UART_MODE1                                                        07/28/2023 19:19:07 PAGE 2   

  55   1      }
  56          
  57          char Uart_Read()
  58          {
  59   1        RI = 0;
  60   1        return SBUF;
  61   1      }


MODULE INFORMATION:   STATIC OVERLAYABLE
   CODE SIZE        =     73    ----
   CONSTANT SIZE    =   ----    ----
   XDATA SIZE       =   ----    ----
   PDATA SIZE       =   ----    ----
   DATA SIZE        =   ----       4
   IDATA SIZE       =   ----    ----
   BIT SIZE         =   ----    ----
END OF MODULE INFORMATION.


C51 COMPILATION COMPLETE.  0 WARNING(S),  0 ERROR(S)
