C51 COMPILER V9.52.0.0   MAIN                                                              07/29/2023 12:18:44 PAGE 1   


C51 COMPILER V9.52.0.0, COMPILATION OF MODULE MAIN
OBJECT MODULE PLACED IN main.OBJ
COMPILER INVOKED BY: C:\Keil\C51\BIN\C51.EXE main.c OMF2 BROWSE DEBUG TABS(2)

line level    source

   1          #include "main.h"
   2          
   3          unsigned char cnt=10;
   4          
   5          void main()
   6          {
   7   1        //cau hinh cho timer0 hoat dong mode 1
   8   1        TMOD = (TMOD&0xF0)|0x01;
   9   1        //ngat xay ra khi dem duoc 50ms -> 46080 chu ky --> gia tri khoi tao la 65536 - 48080 = 199456 (0x4C00)
  10   1        TH0 = 0x4C;
  11   1        TL0 = 0x00;
  12   1        
  13   1        ET0 = 1;    // cho phep ngat bang Timer 0
  14   1        EA = 1;     // ngat toan cuc
  15   1        TR0 = 1;    // timer0 bat dau hoat dong
  16   1        
  17   1        P2 = 0;
  18   1        while(1)
  19   1        {
  20   2          
  21   2        } 
  22   1      }
  23          
  24          void  timer_overflow(void) interrupt 1
  25          {
  26   1        //nap lai gia tri bat dau dem cua Timer
  27   1        TH0 = 0x4C;
  28   1        TL0 = 0x00;
  29   1        
  30   1        cnt--;
  31   1        if(cnt==0)
  32   1        {
  33   2          cnt = 10;
  34   2          P2 = ~P2;
  35   2        }
  36   1      }


MODULE INFORMATION:   STATIC OVERLAYABLE
   CODE SIZE        =     43    ----
   CONSTANT SIZE    =   ----    ----
   XDATA SIZE       =   ----    ----
   PDATA SIZE       =   ----    ----
   DATA SIZE        =      1    ----
   IDATA SIZE       =   ----    ----
   BIT SIZE         =   ----    ----
   EDATA SIZE       =   ----    ----
   HDATA SIZE       =   ----    ----
   XDATA CONST SIZE =   ----    ----
   FAR CONST SIZE   =   ----    ----
END OF MODULE INFORMATION.


C51 COMPILATION COMPLETE.  0 WARNING(S),  0 ERROR(S)
