C51 COMPILER V9.52.0.0   MAIN                                                              07/30/2023 13:04:01 PAGE 1   


C51 COMPILER V9.52.0.0, COMPILATION OF MODULE MAIN
OBJECT MODULE PLACED IN main.OBJ
COMPILER INVOKED BY: C:\Keil\C51\BIN\C51.EXE main.c OMF2 BROWSE DEBUG TABS(2)

line level    source

   1          #include "main.h"
   2          #include "..\Lib\delay.h"
   3          
   4          // khai bao PIN
   5          #define PWM_PIN P1_0
   6          //hoac la sbit PWM_PIN = P2^0;
   7          
   8          unsigned int T, Ton, Toff;
   9          unsigned char Ton_hr, Ton_lr, Toff_hr, Toff_lr;
  10          
  11          void PWM_Init(unsigned int ck)  // ck (us)
  12          {
  13   1        PWM_PIN = 1;
  14   1        
  15   1        TMOD = (TMOD&0xF0)|0x01;    //xoa cac bit cua timer0 va cho timer0 hoat dong mode 1
  16   1        
  17   1        ET0 = 1;                    // use interrupt
  18   1        EA = 1;                     // cho phep ngat toan cuc
  19   1        
  20   1        T = ck/1.085069;
  21   1        Ton = T/2;                  //Duty cycle = 50%
  22   1        Toff = T - Ton;
  23   1        
  24   1        Ton_hr = (65536-Ton)>>8;
  25   1        Ton_lr = (65536-Ton)&0x00FF;
  26   1        
  27   1        Toff_hr = (65536-Toff)>>8;
  28   1        Toff_lr = (65536-Toff)&0x00FF;
  29   1        
  30   1        TH0 = Ton_hr;
  31   1        TL0 = Ton_lr;
  32   1      }
  33          
  34          
  35          void PWM_Start()
  36          {
  37   1        TR0 = 1;                    //Timer0 bat dau hoat dong
  38   1        ET0 = 1;
  39   1      }
  40          
  41          void PWM_Stop()
  42          {
  43   1        TR0 = 0;                    //Timer0 ngung dem
  44   1      }
  45          
  46          //setup duty cycle 0 - 100;
  47          void PWM_Set_Duty(unsigned char duty)
  48          {
  49   1        if(!duty)
  50   1        {
  51   2          PWM_PIN = 0;
  52   2          ET0 = 0 ;                 //Khong cho phep ngat hoat dong
  53   2        }
  54   1        else if(duty == 100)
  55   1        {
C51 COMPILER V9.52.0.0   MAIN                                                              07/30/2023 13:04:01 PAGE 2   

  56   2          PWM_PIN = 1;
  57   2          ET0 = 0;                  //Khong cho phep ngat hoat dong
  58   2        }
  59   1        Ton = ((unsigned long)T)*duty/100;
  60   1        Toff = T - Ton;
  61   1        
  62   1        Ton_hr = (65536-Ton)>>8;
  63   1        Ton_lr = (65536-Ton)&0x00FF;
  64   1        
  65   1        Toff_hr = (65536-Toff)>>8;
  66   1        Toff_lr = (65536-Toff)&0x00FF;
  67   1      }
  68          
  69          void main()
  70          {
  71   1        unsigned char dir = 0, duty = 0;
  72   1        P0 = 0 ;
  73   1        
  74   1        PWM_Init(1000);             //T = 1000us = 1ms
  75   1        PWM_Set_Duty(0);
  76   1        PWM_Start();
  77   1        
  78   1        while(1)
  79   1        {
  80   2          delay_ms(50);
  81   2          PWM_Start();
  82   2          
  83   2          if(dir == 0)              //setup sang dan
  84   2          {
  85   3            duty += 5;
  86   3            if(duty == 100) 
  87   3            { 
  88   4              dir = 1;
  89   4            }       
  90   3          }
  91   2          else                      //setup tat dan
  92   2          {
  93   3            duty -= 5;
  94   3            if(duty == 0) 
  95   3            {
  96   4              dir = 0;
  97   4            }
  98   3          }
  99   2          PWM_Set_Duty(duty);
 100   2        }
 101   1      }
 102          
 103          void Timer0_Overflow(void) interrupt 1
 104          {
 105   1        PWM_PIN = !PWM_PIN;
 106   1        if(PWM_PIN==0)
 107   1        {
 108   2          TR0 = 0;                  //Timer0 ngung hoat dong
 109   2          //nap lai gia tri khoi tao
 110   2          TH0 = Toff_hr;            
 111   2          TL0 = Toff_lr;
 112   2          TR0 = 1;                  //Timer0 cho phep hoat dong
 113   2        }
 114   1        else
 115   1        {
 116   2          TR0 = 0;                  //Timer0 ngung hoat dong
 117   2          //nap lai gia tri khoi tao
C51 COMPILER V9.52.0.0   MAIN                                                              07/30/2023 13:04:01 PAGE 3   

 118   2          TH0 = Ton_hr;
 119   2          TL0 = Ton_lr;
 120   2          TR0 = 1;                  //Timer0 cho phep hoat dong
 121   2        }
 122   1      }


MODULE INFORMATION:   STATIC OVERLAYABLE
   CODE SIZE        =    372    ----
   CONSTANT SIZE    =   ----    ----
   XDATA SIZE       =   ----    ----
   PDATA SIZE       =   ----    ----
   DATA SIZE        =     10       2
   IDATA SIZE       =   ----    ----
   BIT SIZE         =   ----    ----
   EDATA SIZE       =   ----    ----
   HDATA SIZE       =   ----    ----
   XDATA CONST SIZE =   ----    ----
   FAR CONST SIZE   =   ----    ----
END OF MODULE INFORMATION.


C51 COMPILATION COMPLETE.  0 WARNING(S),  0 ERROR(S)
